<?xml version="1.0" encoding="UTF-8"?>
<!-- Generated by org.testng.reporters.JUnitReportReporter -->
<testsuite hostname="RAYAN" failures="0" tests="1" name="Honey_TestRunner.Honey_TestRunner" time="9.602" errors="0" timestamp="2023-10-09T16:52:33 EDT" skipped="0">
  <testcase classname="Honey_TestRunner.Honey_TestRunner" name="feature" time="9.602"/>
</testsuite> <!-- Honey_TestRunner.Honey_TestRunner -->
